<?xml version="1.0" encoding="UTF-8"?>
<testng-results ignored="0" total="1" passed="1" failed="0" skipped="0">
  <reporter-output>
  </reporter-output>
  <suite started-at="2023-09-26T12:02:00 IST" name="Suite" finished-at="2023-09-26T12:02:36 IST" duration-ms="35775">
    <groups>
    </groups>
    <test started-at="2023-09-26T12:02:00 IST" name="test_01" finished-at="2023-09-26T12:02:36 IST" duration-ms="35775">
      <class name="testCases.TC_01">
        <test-method is-config="true" signature="setup(java.lang.String)[pri:0, instance:testCases.TC_01@7d8995e]" started-at="2023-09-26T12:02:00 IST" name="setup" finished-at="2023-09-26T12:02:13 IST" duration-ms="13102" status="PASS">
          <params>
            <param index="0">
              <value>
                <![CDATA[chrome]]>
              </value>
            </param>
          </params>
          <reporter-output>
          </reporter-output>
        </test-method> <!-- setup -->
        <test-method signature="userinput()[pri:0, instance:testCases.TC_01@7d8995e]" started-at="2023-09-26T12:02:13 IST" name="userinput" finished-at="2023-09-26T12:02:34 IST" duration-ms="21204" status="PASS">
          <reporter-output>
          </reporter-output>
        </test-method> <!-- userinput -->
        <test-method is-config="true" signature="close()[pri:0, instance:testCases.TC_01@7d8995e]" started-at="2023-09-26T12:02:34 IST" name="close" finished-at="2023-09-26T12:02:36 IST" duration-ms="1245" status="PASS">
          <reporter-output>
          </reporter-output>
        </test-method> <!-- close -->
      </class> <!-- testCases.TC_01 -->
    </test> <!-- test_01 -->
  </suite> <!-- Suite -->
</testng-results>
