<?xml version="1.0" encoding="UTF-8"?>
<testng-results ignored="0" total="1" passed="1" failed="0" skipped="0">
  <reporter-output>
  </reporter-output>
  <suite started-at="2023-09-27T13:28:23 IST" name="Suite" finished-at="2023-09-27T13:29:01 IST" duration-ms="38393">
    <groups>
    </groups>
    <test started-at="2023-09-27T13:28:23 IST" name="test_01" finished-at="2023-09-27T13:29:01 IST" duration-ms="38393">
      <class name="Test_cases.TC_01_term">
        <test-method is-config="true" signature="setup(java.lang.String)[pri:0, instance:Test_cases.TC_01_term@4681c175]" started-at="2023-09-27T13:28:23 IST" name="setup" finished-at="2023-09-27T13:28:46 IST" duration-ms="23266" status="PASS">
          <params>
            <param index="0">
              <value>
                <![CDATA[chrome]]>
              </value>
            </param>
          </params>
          <reporter-output>
          </reporter-output>
        </test-method> <!-- setup -->
        <test-method signature="setup()[pri:0, instance:Test_cases.TC_01_term@4681c175]" started-at="2023-09-27T13:28:46 IST" name="setup" finished-at="2023-09-27T13:29:00 IST" duration-ms="13593" status="PASS">
          <reporter-output>
          </reporter-output>
        </test-method> <!-- setup -->
        <test-method is-config="true" signature="close()[pri:0, instance:Test_cases.TC_01_term@4681c175]" started-at="2023-09-27T13:29:00 IST" name="close" finished-at="2023-09-27T13:29:01 IST" duration-ms="1235" status="PASS">
          <reporter-output>
          </reporter-output>
        </test-method> <!-- close -->
      </class> <!-- Test_cases.TC_01_term -->
    </test> <!-- test_01 -->
  </suite> <!-- Suite -->
</testng-results>
